<?xml version="1.0" encoding="UTF-8"?>
<!-- Generated by org.testng.reporters.JUnitReportReporter -->
<testsuite hostname="LAPTOP-02O5LAUF" failures="0" tests="1" name="com.test.testng.orangeHrm.Tests" time="12.078" errors="0" timestamp="2022-06-07T17:16:23 IST" skipped="0">
  <testcase classname="com.test.testng.orangeHrm.Tests" name="loginTest" time="12.078"/>
  <system-out/>
</testsuite> <!-- com.test.testng.orangeHrm.Tests -->
